This is pdfTeX, Version 3.14159265-2.6-1.40.17 (TeX Live 2016/W32TeX) (preloaded format=pdflatex 2017.3.6)  5 OCT 2017 03:01
entering extended mode
 restricted \write18 enabled.
 %&-line parsing enabled.
**./resume.tex
(./resume.tex
LaTeX2e <2017/01/01> patch level 3
Babel <3.9r> and hyphenation patterns for 83 language(s) loaded.
(e:/Windows/Programs/texlive/2016/texmf-dist/tex/latex/base/article.cls
Document Class: article 2014/09/29 v1.4h Standard LaTeX document class
(e:/Windows/Programs/texlive/2016/texmf-dist/tex/latex/base/size11.clo
File: size11.clo 2014/09/29 v1.4h Standard LaTeX file (size option)
)
\c@part=\count79
\c@section=\count80
\c@subsection=\count81
\c@subsubsection=\count82
\c@paragraph=\count83
\c@subparagraph=\count84
\c@figure=\count85
\c@table=\count86
\abovecaptionskip=\skip41
\belowcaptionskip=\skip42
\bibindent=\dimen102
)
(e:/Windows/Programs/texlive/2016/texmf-dist/tex/latex/preprint/fullpage.sty
Package: fullpage 1999/02/23 1.1 (PWD)
\FP@margin=\skip43
)
(e:/Windows/Programs/texlive/2016/texmf-dist/tex/latex/graphics/color.sty
Package: color 2016/07/10 v1.1e Standard LaTeX Color (DPC)

(e:/Windows/Programs/texlive/2016/texmf-dist/tex/latex/graphics-cfg/color.cfg
File: color.cfg 2016/01/02 v1.6 sample color configuration
)
Package color Info: Driver file: pdftex.def on input line 147.

(e:/Windows/Programs/texlive/2016/texmf-dist/tex/latex/graphics-def/pdftex.def
File: pdftex.def 2017/01/12 v0.06k Graphics/color for pdfTeX

(e:/Windows/Programs/texlive/2016/texmf-dist/tex/generic/oberdiek/infwarerr.sty
Package: infwarerr 2016/05/16 v1.4 Providing info/warning/error messages (HO)
) (e:/Windows/Programs/texlive/2016/texmf-dist/tex/generic/oberdiek/ltxcmds.sty
Package: ltxcmds 2016/05/16 v1.23 LaTeX kernel commands for general use (HO)
)
\Gread@gobject=\count87
))
(e:/Windows/Programs/texlive/2016/texmf-dist/tex/latex/sauerj/parcolumns.sty
Package: parcolumns 2004/11/25 v1.2 Typeset multiple parallel columns

(e:/Windows/Programs/texlive/2016/texmf-dist/tex/latex/sauerj/processkv.sty
Package: processkv 2004/08/09 v1.0.1 process key=value lists

(e:/Windows/Programs/texlive/2016/texmf-dist/tex/latex/graphics/keyval.sty
Package: keyval 2014/10/28 v1.15 key=value parser (DPC)
\KV@toks@=\toks14
))
\pc@columnctr=\count88
\pc@columncount=\count89
\pc@everypar=\toks15
)
(e:/Windows/Programs/texlive/2016/texmf-dist/tex/latex/enumitem/enumitem.sty
Package: enumitem 2011/09/28 v3.5.2 Customized lists
\labelindent=\skip44
\enit@outerparindent=\dimen103
\enit@toks=\toks16
\enit@inbox=\box26
\enitdp@description=\count90
)
(./resume.aux)
\openout1 = `resume.aux'.

LaTeX Font Info:    Checking defaults for OML/cmm/m/it on input line 39.
LaTeX Font Info:    ... okay on input line 39.
LaTeX Font Info:    Checking defaults for T1/cmr/m/n on input line 39.
LaTeX Font Info:    ... okay on input line 39.
LaTeX Font Info:    Checking defaults for OT1/cmr/m/n on input line 39.
LaTeX Font Info:    ... okay on input line 39.
LaTeX Font Info:    Checking defaults for OMS/cmsy/m/n on input line 39.
LaTeX Font Info:    ... okay on input line 39.
LaTeX Font Info:    Checking defaults for OMX/cmex/m/n on input line 39.
LaTeX Font Info:    ... okay on input line 39.
LaTeX Font Info:    Checking defaults for U/cmr/m/n on input line 39.
LaTeX Font Info:    ... okay on input line 39.

(e:/Windows/Programs/texlive/2016/texmf-dist/tex/context/base/mkii/supp-pdf.mki
i
[Loading MPS to PDF converter (version 2006.09.02).]
\scratchcounter=\count91
\scratchdimen=\dimen104
\scratchbox=\box27
\nofMPsegments=\count92
\nofMParguments=\count93
\everyMPshowfont=\toks17
\MPscratchCnt=\count94
\MPscratchDim=\dimen105
\MPnumerator=\count95
\makeMPintoPDFobject=\count96
\everyMPtoPDFconversion=\toks18
)
LaTeX Font Info:    External font `cmex10' loaded for size
(Font)              <10.95> on input line 43.
LaTeX Font Info:    External font `cmex10' loaded for size
(Font)              <8> on input line 43.
LaTeX Font Info:    External font `cmex10' loaded for size
(Font)              <6> on input line 43.
LaTeX Font Info:    External font `cmex10' loaded for size
(Font)              <12> on input line 55.

Overfull \hbox (6.0pt too wide) in paragraph at lines 55--56
[][][][][][][]  
 []


Overfull \hbox (6.0pt too wide) in paragraph at lines 72--73
[][][][][][][] 
 []


Overfull \hbox (6.0pt too wide) in paragraph at lines 124--125
[][][][][][][] 
 []


Underfull \hbox (badness 10000) in paragraph at lines 130--131
[]\OT1/cmr/m/n/10.95 C[]\OT1/cmtt/m/n/10.95 ++\OT1/cmr/m/n/10.95 , C, Scheme, U
nity5,
 []


Underfull \hbox (badness 2359) in paragraph at lines 130--131
\OT1/cmr/m/n/10.95 MySQL, Vue.js, Node.js, Pug,
 []


Overfull \hbox (6.0pt too wide) in paragraph at lines 151--152
[][][][][][][]  
 []


Overfull \hbox (2.43332pt too wide) in paragraph at lines 155--174
[] [] 
 []

[1

{e:/Windows/Programs/texlive/2016/texmf-var/fonts/map/pdftex/updmap/pdftex.map}
] (./resume.aux) ) 
Here is how much of TeX's memory you used:
 1385 strings out of 493013
 20274 string characters out of 6129191
 84831 words of memory out of 5000000
 4961 multiletter control sequences out of 15000+600000
 8728 words of font info for 31 fonts, out of 8000000 for 9000
 1141 hyphenation exceptions out of 8191
 28i,11n,21p,222b,332s stack positions out of 5000i,500n,10000p,200000b,80000s
<e:/Windows/Programs/texlive/2016/texmf-dist/fonts/type1/publ
ic/amsfonts/cm/cmbx10.pfb><e:/Windows/Programs/texlive/2016/texmf-dist/fonts/ty
pe1/public/amsfonts/cm/cmbx12.pfb><e:/Windows/Programs/texlive/2016/texmf-dist/
fonts/type1/public/amsfonts/cm/cmr10.pfb><e:/Windows/Programs/texlive/2016/texm
f-dist/fonts/type1/public/amsfonts/cm/cmsy8.pfb><e:/Windows/Programs/texlive/20
16/texmf-dist/fonts/type1/public/amsfonts/cm/cmti10.pfb><e:/Windows/Programs/te
xlive/2016/texmf-dist/fonts/type1/public/amsfonts/cm/cmtt10.pfb>
Output written on resume.pdf (1 page, 88405 bytes).
PDF statistics:
 32 PDF objects out of 1000 (max. 8388607)
 22 compressed objects within 1 object stream
 0 named destinations out of 1000 (max. 500000)
 1 words of extra memory for PDF output out of 10000 (max. 10000000)

